<?xml version="1.0" encoding="UTF-8"?>
<testsuite xmlns:xsi="http://www.w3.org/2001/XMLSchema-instance" xsi:noNamespaceSchemaLocation="https://maven.apache.org/surefire/maven-surefire-plugin/xsd/surefire-test-report.xsd" name="com.learn.taskmanager.controllers.TaskControllerTest" time="0.009" tests="1" errors="0" skipped="1" failures="0">
  <properties>
[...]
</properties>
  <testcase name="com.learn.taskmanager.controllers.TaskControllerTest" classname="com.learn.taskmanager.controllers.TaskControllerTest" time="0">
    <skipped/>
    <system-out><![CDATA[15:36:50.077 [main] DEBUG org.springframework.test.context.junit4.SpringJUnit4ClassRunner - SpringJUnit4ClassRunner constructor called with [class com.learn.taskmanager.controllers.TaskControllerTest]
15:36:50.087 [main] DEBUG org.springframework.test.context.BootstrapUtils - Instantiating CacheAwareContextLoaderDelegate from class [org.springframework.test.context.cache.DefaultCacheAwareContextLoaderDelegate]
15:36:50.103 [main] DEBUG org.springframework.test.context.BootstrapUtils - Instantiating BootstrapContext using constructor [public org.springframework.test.context.support.DefaultBootstrapContext(java.lang.Class,org.springframework.test.context.CacheAwareContextLoaderDelegate)]
15:36:50.195 [main] DEBUG org.springframework.test.context.BootstrapUtils - Instantiating TestContextBootstrapper for test class [com.learn.taskmanager.controllers.TaskControllerTest] from class [org.springframework.boot.test.autoconfigure.web.servlet.WebMvcTestContextBootstrapper]
15:36:50.230 [main] INFO org.springframework.boot.test.autoconfigure.web.servlet.WebMvcTestContextBootstrapper - Neither @ContextConfiguration nor @ContextHierarchy found for test class [com.learn.taskmanager.controllers.TaskControllerTest], using SpringBootContextLoader
15:36:50.239 [main] DEBUG org.springframework.test.context.support.AbstractContextLoader - Did not detect default resource location for test class [com.learn.taskmanager.controllers.TaskControllerTest]: class path resource [com/learn/taskmanager/controllers/TaskControllerTest-context.xml] does not exist
15:36:50.240 [main] DEBUG org.springframework.test.context.support.AbstractContextLoader - Did not detect default resource location for test class [com.learn.taskmanager.controllers.TaskControllerTest]: class path resource [com/learn/taskmanager/controllers/TaskControllerTestContext.groovy] does not exist
15:36:50.241 [main] INFO org.springframework.test.context.support.AbstractContextLoader - Could not detect default resource locations for test class [com.learn.taskmanager.controllers.TaskControllerTest]: no resource found for suffixes {-context.xml, Context.groovy}.
15:36:50.242 [main] INFO org.springframework.test.context.support.AnnotationConfigContextLoaderUtils - Could not detect default configuration classes for test class [com.learn.taskmanager.controllers.TaskControllerTest]: TaskControllerTest does not declare any static, non-private, non-final, nested classes annotated with @Configuration.
15:36:50.383 [main] DEBUG org.springframework.test.context.support.ActiveProfilesUtils - Could not find an 'annotation declaring class' for annotation type [org.springframework.test.context.ActiveProfiles] and class [com.learn.taskmanager.controllers.TaskControllerTest]
15:36:50.525 [main] DEBUG org.springframework.context.annotation.ClassPathScanningCandidateComponentProvider - Identified candidate component class: file [D:\Workspace\SpringBoot\TaskManager\target\classes\com\learn\taskmanager\TaskManager.class]
15:36:50.527 [main] INFO org.springframework.boot.test.context.SpringBootTestContextBootstrapper - Found @SpringBootConfiguration com.learn.taskmanager.TaskManager for test class com.learn.taskmanager.controllers.TaskControllerTest
15:36:50.533 [main] DEBUG org.springframework.boot.test.autoconfigure.web.servlet.WebMvcTestContextBootstrapper - @TestExecutionListeners is not present for class [com.learn.taskmanager.controllers.TaskControllerTest]: using defaults.
15:36:50.535 [main] INFO org.springframework.boot.test.autoconfigure.web.servlet.WebMvcTestContextBootstrapper - Loaded default TestExecutionListener class names from location [META-INF/spring.factories]: [org.springframework.boot.test.mock.mockito.MockitoTestExecutionListener, org.springframework.boot.test.mock.mockito.ResetMocksTestExecutionListener, org.springframework.boot.test.autoconfigure.restdocs.RestDocsTestExecutionListener, org.springframework.boot.test.autoconfigure.web.client.MockRestServiceServerResetTestExecutionListener, org.springframework.boot.test.autoconfigure.web.servlet.MockMvcPrintOnlyOnFailureTestExecutionListener, org.springframework.boot.test.autoconfigure.web.servlet.WebDriverTestExecutionListener, org.springframework.test.context.web.ServletTestExecutionListener, org.springframework.test.context.support.DirtiesContextBeforeModesTestExecutionListener, org.springframework.test.context.support.DependencyInjectionTestExecutionListener, org.springframework.test.context.support.DirtiesContextTestExecutionListener, org.springframework.test.context.transaction.TransactionalTestExecutionListener, org.springframework.test.context.jdbc.SqlScriptsTestExecutionListener, org.springframework.test.context.event.EventPublishingTestExecutionListener]
15:36:50.580 [main] INFO org.springframework.boot.test.autoconfigure.web.servlet.WebMvcTestContextBootstrapper - Using TestExecutionListeners: [org.springframework.test.context.web.ServletTestExecutionListener@623a8092, org.springframework.test.context.support.DirtiesContextBeforeModesTestExecutionListener@a1cdc6d, org.springframework.boot.test.mock.mockito.MockitoTestExecutionListener@175b9425, org.springframework.boot.test.autoconfigure.SpringBootDependencyInjectionTestExecutionListener@3098cf3b, org.springframework.test.context.support.DirtiesContextTestExecutionListener@610f7aa, org.springframework.test.context.transaction.TransactionalTestExecutionListener@6a03bcb1, org.springframework.test.context.jdbc.SqlScriptsTestExecutionListener@21b2e768, org.springframework.test.context.event.EventPublishingTestExecutionListener@57250572, org.springframework.boot.test.mock.mockito.ResetMocksTestExecutionListener@5609159b, org.springframework.boot.test.autoconfigure.restdocs.RestDocsTestExecutionListener@2118cddf, org.springframework.boot.test.autoconfigure.web.client.MockRestServiceServerResetTestExecutionListener@17a7f733, org.springframework.boot.test.autoconfigure.web.servlet.MockMvcPrintOnlyOnFailureTestExecutionListener@68567e20, org.springframework.boot.test.autoconfigure.web.servlet.WebDriverTestExecutionListener@76ed1b7c]
15:36:50.599 [main] DEBUG org.springframework.test.annotation.ProfileValueUtils - Retrieved @ProfileValueSourceConfiguration [null] for test class [com.learn.taskmanager.controllers.TaskControllerTest]
15:36:50.602 [main] DEBUG org.springframework.test.annotation.ProfileValueUtils - Retrieved ProfileValueSource type [class org.springframework.test.annotation.SystemProfileValueSource] for class [com.learn.taskmanager.controllers.TaskControllerTest]
15:36:50.687 [main] DEBUG org.springframework.test.context.junit4.SpringJUnit4ClassRunner - SpringJUnit4ClassRunner constructor called with [class com.learn.taskmanager.controllers.TaskControllerTest]
15:36:50.687 [main] DEBUG org.springframework.test.context.BootstrapUtils - Instantiating CacheAwareContextLoaderDelegate from class [org.springframework.test.context.cache.DefaultCacheAwareContextLoaderDelegate]
15:36:50.688 [main] DEBUG org.springframework.test.context.BootstrapUtils - Instantiating BootstrapContext using constructor [public org.springframework.test.context.support.DefaultBootstrapContext(java.lang.Class,org.springframework.test.context.CacheAwareContextLoaderDelegate)]
15:36:50.689 [main] DEBUG org.springframework.test.context.BootstrapUtils - Instantiating TestContextBootstrapper for test class [com.learn.taskmanager.controllers.TaskControllerTest] from class [org.springframework.boot.test.autoconfigure.web.servlet.WebMvcTestContextBootstrapper]
15:36:50.691 [main] INFO org.springframework.boot.test.autoconfigure.web.servlet.WebMvcTestContextBootstrapper - Neither @ContextConfiguration nor @ContextHierarchy found for test class [com.learn.taskmanager.controllers.TaskControllerTest], using SpringBootContextLoader
15:36:50.692 [main] DEBUG org.springframework.test.context.support.AbstractContextLoader - Did not detect default resource location for test class [com.learn.taskmanager.controllers.TaskControllerTest]: class path resource [com/learn/taskmanager/controllers/TaskControllerTest-context.xml] does not exist
15:36:50.693 [main] DEBUG org.springframework.test.context.support.AbstractContextLoader - Did not detect default resource location for test class [com.learn.taskmanager.controllers.TaskControllerTest]: class path resource [com/learn/taskmanager/controllers/TaskControllerTestContext.groovy] does not exist
15:36:50.694 [main] INFO org.springframework.test.context.support.AbstractContextLoader - Could not detect default resource locations for test class [com.learn.taskmanager.controllers.TaskControllerTest]: no resource found for suffixes {-context.xml, Context.groovy}.
15:36:50.694 [main] INFO org.springframework.test.context.support.AnnotationConfigContextLoaderUtils - Could not detect default configuration classes for test class [com.learn.taskmanager.controllers.TaskControllerTest]: TaskControllerTest does not declare any static, non-private, non-final, nested classes annotated with @Configuration.
15:36:50.706 [main] DEBUG org.springframework.test.context.support.ActiveProfilesUtils - Could not find an 'annotation declaring class' for annotation type [org.springframework.test.context.ActiveProfiles] and class [com.learn.taskmanager.controllers.TaskControllerTest]
15:36:50.707 [main] INFO org.springframework.boot.test.context.SpringBootTestContextBootstrapper - Found @SpringBootConfiguration com.learn.taskmanager.TaskManager for test class com.learn.taskmanager.controllers.TaskControllerTest
15:36:50.710 [main] DEBUG org.springframework.boot.test.autoconfigure.web.servlet.WebMvcTestContextBootstrapper - @TestExecutionListeners is not present for class [com.learn.taskmanager.controllers.TaskControllerTest]: using defaults.
15:36:50.710 [main] INFO org.springframework.boot.test.autoconfigure.web.servlet.WebMvcTestContextBootstrapper - Loaded default TestExecutionListener class names from location [META-INF/spring.factories]: [org.springframework.boot.test.mock.mockito.MockitoTestExecutionListener, org.springframework.boot.test.mock.mockito.ResetMocksTestExecutionListener, org.springframework.boot.test.autoconfigure.restdocs.RestDocsTestExecutionListener, org.springframework.boot.test.autoconfigure.web.client.MockRestServiceServerResetTestExecutionListener, org.springframework.boot.test.autoconfigure.web.servlet.MockMvcPrintOnlyOnFailureTestExecutionListener, org.springframework.boot.test.autoconfigure.web.servlet.WebDriverTestExecutionListener, org.springframework.test.context.web.ServletTestExecutionListener, org.springframework.test.context.support.DirtiesContextBeforeModesTestExecutionListener, org.springframework.test.context.support.DependencyInjectionTestExecutionListener, org.springframework.test.context.support.DirtiesContextTestExecutionListener, org.springframework.test.context.transaction.TransactionalTestExecutionListener, org.springframework.test.context.jdbc.SqlScriptsTestExecutionListener, org.springframework.test.context.event.EventPublishingTestExecutionListener]
15:36:50.711 [main] INFO org.springframework.boot.test.autoconfigure.web.servlet.WebMvcTestContextBootstrapper - Using TestExecutionListeners: [org.springframework.test.context.web.ServletTestExecutionListener@3738449f, org.springframework.test.context.support.DirtiesContextBeforeModesTestExecutionListener@69e1dd28, org.springframework.boot.test.mock.mockito.MockitoTestExecutionListener@11bd0f3b, org.springframework.boot.test.autoconfigure.SpringBootDependencyInjectionTestExecutionListener@c333c60, org.springframework.test.context.support.DirtiesContextTestExecutionListener@79da8dc5, org.springframework.test.context.transaction.TransactionalTestExecutionListener@1eb5174b, org.springframework.test.context.jdbc.SqlScriptsTestExecutionListener@67080771, org.springframework.test.context.event.EventPublishingTestExecutionListener@72cde7cc, org.springframework.boot.test.mock.mockito.ResetMocksTestExecutionListener@5fd4f8f5, org.springframework.boot.test.autoconfigure.restdocs.RestDocsTestExecutionListener@696da30b, org.springframework.boot.test.autoconfigure.web.client.MockRestServiceServerResetTestExecutionListener@4e7912d8, org.springframework.boot.test.autoconfigure.web.servlet.MockMvcPrintOnlyOnFailureTestExecutionListener@53976f5c, org.springframework.boot.test.autoconfigure.web.servlet.WebDriverTestExecutionListener@2bfc268b]
15:36:50.712 [main] DEBUG org.springframework.test.annotation.ProfileValueUtils - Retrieved @ProfileValueSourceConfiguration [null] for test class [com.learn.taskmanager.controllers.TaskControllerTest]
15:36:50.712 [main] DEBUG org.springframework.test.annotation.ProfileValueUtils - Retrieved ProfileValueSource type [class org.springframework.test.annotation.SystemProfileValueSource] for class [com.learn.taskmanager.controllers.TaskControllerTest]
15:36:50.905 [main] DEBUG org.springframework.test.annotation.ProfileValueUtils - Retrieved @ProfileValueSourceConfiguration [null] for test class [com.learn.taskmanager.controllers.TaskControllerTest]
15:36:50.906 [main] DEBUG org.springframework.test.annotation.ProfileValueUtils - Retrieved ProfileValueSource type [class org.springframework.test.annotation.SystemProfileValueSource] for class [com.learn.taskmanager.controllers.TaskControllerTest]
15:36:50.908 [main] DEBUG org.springframework.test.annotation.ProfileValueUtils - Retrieved @ProfileValueSourceConfiguration [null] for test class [com.learn.taskmanager.controllers.TaskControllerTest]
15:36:50.909 [main] DEBUG org.springframework.test.annotation.ProfileValueUtils - Retrieved ProfileValueSource type [class org.springframework.test.annotation.SystemProfileValueSource] for class [com.learn.taskmanager.controllers.TaskControllerTest]
]]></system-out>
  </testcase>
</testsuite>